#
# A fatal error has been detected by the Java Runtime Environment:
#
#  EXCEPTION_ACCESS_VIOLATION (0xc0000005) at pc=0x00007ffb64b46a87, pid=18120, tid=9956
#
# JRE version: OpenJDK Runtime Environment (18.0.1+10) (build 18.0.1+10-24)
# Java VM: OpenJDK 64-Bit Server VM (18.0.1+10-24, mixed mode, sharing, tiered, compressed oops, compressed class ptrs, g1 gc, windows-amd64)
# Problematic frame:
# C  [glass.dll+0x26a87]
#
# No core dump will be written. Minidumps are not enabled by default on client versions of Windows
#
# If you would like to submit a bug report, please visit:
#   https://bugreport.java.com/bugreport/crash.jsp
#

---------------  S U M M A R Y ------------

Command Line: -javaagent:C:\Program Files\JetBrains\IntelliJ IDEA Community Edition 2022.1\lib\idea_rt.jar=64757:C:\Program Files\JetBrains\IntelliJ IDEA Community Edition 2022.1\bin -Dfile.encoding=UTF-8 --module-path=C:\Users\79393\.m2\repository\org\openjfx\javafx-fxml\18-ea+6\javafx-fxml-18-ea+6-win.jar;D:\javaprojects\conec\target\classes;C:\Users\79393\.m2\repository\org\openjfx\javafx-base\18-ea+6\javafx-base-18-ea+6-win.jar;C:\Users\79393\.m2\repository\org\openjfx\javafx-controls\18-ea+6\javafx-controls-18-ea+6-win.jar;C:\Users\79393\.m2\repository\org\openjfx\javafx-graphics\18-ea+6\javafx-graphics-18-ea+6-win.jar -Djdk.module.main=com.example.conec com.example.conec/com.example.conec.SignIn

Host: AMD Ryzen 5 4600H with Radeon Graphics         , 12 cores, 15G,  Windows 10 , 64 bit Build 19041 (10.0.19041.1566)
Time: Thu Apr 28 22:33:40 2022 RTZ 2 (s 10 , 64 bit Build 19041 (10.0.19041.1566) elapsed time: 94.441161 seconds (0d 0h 1m 34s)

---------------  T H R E A D  ---------------

Current thread (0x00000122f97dca10):  VMThread "VM Thread" [stack: 0x000000182d100000,0x000000182d200000] [id=9956]

Stack: [0x000000182d100000,0x000000182d200000],  sp=0x000000182d1feeb0,  free space=1019k
Native frames: (J=compiled Java code, j=interpreted, Vv=VM code, C=native code)
C  [glass.dll+0x26a87]


siginfo: EXCEPTION_ACCESS_VIOLATION (0xc0000005), reading address 0x0000000000000000


Register to memory mapping:

RIP=0x00007ffb64b46a87 glass.dll
RAX=0x0 is NULL
RBX=0x00000122ff5d38c0 is a global jni handle
RCX=0x00000122f97dca10 points into unknown readable memory: 0x00007ffb5353d938 | 38 d9 53 53 fb 7f 00 00
RDX=0x000000182d1feeb0 points into unknown readable memory: 0x0000000000000000 | 00 00 00 00 00 00 00 00
RSP=0x000000182d1feeb0 points into unknown readable memory: 0x0000000000000000 | 00 00 00 00 00 00 00 00
RBP=0x00000122a1101a08 points into unknown readable memory: 0x00000890748708f0 | f0 08 87 74 90 08 00 00
RSI=0x00000122a11019e0 points into unknown readable memory: 0x3e6c08900b7c6c44 | 44 6c 7c 0b 90 08 6c 3e
RDI=0x00000890748708f0 is an unknown value
R8 =0x0000000000010002 is an unknown value
R9 =0x00000890748708f0 is an unknown value
R10=0x0000000000008000 is an unknown value
R11=0x000000182d1fee40 points into unknown readable memory: 0x00000122a11019e0 | e0 19 10 a1 22 01 00 00
R12=0x00007ffb64b44354 glass.dll
R13=0x00007ffb536ffc00 jvm.dll
R14=0x000000182d1fefa8 points into unknown readable memory: 0x000000182d1fef90 | 90 ef 1f 2d 18 00 00 00
R15=0x00000122a11019e0 points into unknown readable memory: 0x3e6c08900b7c6c44 | 44 6c 7c 0b 90 08 6c 3e


Registers:
RAX=0x0000000000000000, RBX=0x00000122ff5d38c0, RCX=0x00000122f97dca10, RDX=0x000000182d1feeb0
RSP=0x000000182d1feeb0, RBP=0x00000122a1101a08, RSI=0x00000122a11019e0, RDI=0x00000890748708f0
R8 =0x0000000000010002, R9 =0x00000890748708f0, R10=0x0000000000008000, R11=0x000000182d1fee40
R12=0x00007ffb64b44354, R13=0x00007ffb536ffc00, R14=0x000000182d1fefa8, R15=0x00000122a11019e0
RIP=0x00007ffb64b46a87, EFLAGS=0x0000000000010202

Top of Stack: (sp=0x000000182d1feeb0)
0x000000182d1feeb0:   0000000000000000 00000122a11019e0
0x000000182d1feec0:   00007ffb536ffc00 00007ffb64b44354
0x000000182d1feed0:   00000122a11019e8 00007ffbb73c42d6
0x000000182d1feee0:   00000890748708f0 0000012200000000
0x000000182d1feef0:   00000122a1101a08 00000122a11019e0
0x000000182d1fef00:   fffffffffffffffe 0000000000000000
0x000000182d1fef10:   0000000000000001 00007ffb64b20000
0x000000182d1fef20:   000000182d1fef98 00007ffbb73c41fb
0x000000182d1fef30:   0000000000000000 000000182d1fefa8
0x000000182d1fef40:   000000182d1ff270 00007ffbb74a0e40
0x000000182d1fef50:   0000000000000001 00007ffbb73c41b4
0x000000182d1fef60:   0000000000000000 0000000000000001
0x000000182d1fef70:   0000000000000000 000000182d1fef98
0x000000182d1fef80:   0000000000000001 00007ffb64b441e1
0x000000182d1fef90:   00007ffb64b5a138 00007ffb00000002
0x000000182d1fefa0:   0000000000000002 000000182d1fef90 

Instructions: (pc=0x00007ffb64b46a87)
0x00007ffb64b46987:   8b 4d 58 e8 01 cf ff ff 48 8b 4d 60 e8 f8 ce ff
0x00007ffb64b46997:   ff 48 8b 95 80 00 00 00 48 8b 8d 18 01 00 00 e8
0x00007ffb64b469a7:   c6 c3 ff ff 33 d2 33 c9 e8 3c e1 ff ff 90 48 89
0x00007ffb64b469b7:   54 24 10 55 48 83 ec 20 48 8b ea 48 b8 00 00 00
0x00007ffb64b469c7:   00 00 00 00 00 48 83 c4 20 5d c3 cc 40 55 48 8b
0x00007ffb64b469d7:   ea 48 8b 01 33 c9 81 38 05 00 00 c0 0f 94 c1 8b
0x00007ffb64b469e7:   c1 5d c3 cc 40 55 48 83 ec 20 48 8b ea 8a 4d 40
0x00007ffb64b469f7:   48 83 c4 20 5d e9 f7 d2 ff ff cc 40 55 48 83 ec
0x00007ffb64b46a07:   20 48 8b ea 8a 4d 20 e8 e5 d2 ff ff 90 48 83 c4
0x00007ffb64b46a17:   20 5d c3 cc 40 55 48 83 ec 20 48 8b ea 48 83 c4
0x00007ffb64b46a27:   20 5d e9 46 d1 ff ff cc 40 55 48 83 ec 30 48 8b
0x00007ffb64b46a37:   ea 48 8b 01 8b 10 48 89 4c 24 28 89 54 24 20 4c
0x00007ffb64b46a47:   8d 0d e7 d5 ff ff 4c 8b 45 70 8b 55 68 48 8b 4d
0x00007ffb64b46a57:   60 e8 87 d0 ff ff 90 48 83 c4 30 5d c3 cc cc cc
0x00007ffb64b46a67:   cc cc cc cc cc cc cc cc cc 40 53 48 83 ec 20 48
0x00007ffb64b46a77:   8b 1d b3 30 01 00 48 85 db 74 16 e8 09 8b ff ff
0x00007ffb64b46a87:   4c 8b 00 48 8b d3 48 8b c8 41 ff 90 b0 00 00 00
0x00007ffb64b46a97:   90 48 83 c4 20 5b c3 cc cc 40 53 48 83 ec 20 48
0x00007ffb64b46aa7:   8b 1d 2b 32 01 00 48 85 db 74 57 b8 ff ff ff ff
0x00007ffb64b46ab7:   f0 0f c1 43 10 83 f8 01 75 3d 48 85 db 74 38 48
0x00007ffb64b46ac7:   8b 0b 48 85 c9 74 0d ff 15 d4 07 00 00 48 c7 03
0x00007ffb64b46ad7:   00 00 00 00 48 8b 4b 08 48 85 c9 74 0d e8 a7 cd
0x00007ffb64b46ae7:   ff ff 48 c7 43 08 00 00 00 00 ba 18 00 00 00 48
0x00007ffb64b46af7:   8b cb e8 92 cd ff ff 48 c7 05 cf 31 01 00 00 00
0x00007ffb64b46b07:   00 00 48 83 c4 20 5b c3 cc 40 53 48 83 ec 20 48
0x00007ffb64b46b17:   8b 1d 9b 31 01 00 48 85 db 74 57 b8 ff ff ff ff
0x00007ffb64b46b27:   f0 0f c1 43 10 83 f8 01 75 3d 48 85 db 74 38 48
0x00007ffb64b46b37:   8b 0b 48 85 c9 74 0d ff 15 64 07 00 00 48 c7 03
0x00007ffb64b46b47:   00 00 00 00 48 8b 4b 08 48 85 c9 74 0d e8 37 cd
0x00007ffb64b46b57:   ff ff 48 c7 43 08 00 00 00 00 ba 18 00 00 00 48
0x00007ffb64b46b67:   8b cb e8 22 cd ff ff 48 c7 05 3f 31 01 00 00 00
0x00007ffb64b46b77:   00 00 48 83 c4 20 5b c3 cc 40 53 48 83 ec 20 48 


Stack slot to memory mapping:
stack at sp + 0 slots: 0x0 is NULL
stack at sp + 1 slots: 0x00000122a11019e0 points into unknown readable memory: 0x3e6c08900b7c6c44 | 44 6c 7c 0b 90 08 6c 3e
stack at sp + 2 slots: 0x00007ffb536ffc00 jvm.dll
stack at sp + 3 slots: 0x00007ffb64b44354 glass.dll
stack at sp + 4 slots: 0x00000122a11019e8 points into unknown readable memory: 0x00000890748708f0 | f0 08 87 74 90 08 00 00
stack at sp + 5 slots: 0x00007ffbb73c42d6 ucrtbase.dll
stack at sp + 6 slots: 0x00000890748708f0 is an unknown value
stack at sp + 7 slots: 0x0000012200000000 is an unknown value

VM_Operation (0x000000182c8ff1e0): Exit, mode: safepoint, requested by thread 0x00000122a6dea080


---------------  P R O C E S S  ---------------

Threads class SMR info:
_java_thread_list=0x00000122a0845960, length=22, elements={
0x00000122f9756260, 0x00000122ff5c6a60, 0x00000122ff5c75d0, 0x00000122ff5dbc40,
0x00000122ff5dc4f0, 0x00000122ff5dcda0, 0x00000122ff5dda60, 0x00000122ff5de780,
0x00000122ff5efaf0, 0x00000122ff6193d0, 0x00000122a08c0700, 0x00000122a0bfe850,
0x00000122a0e1f260, 0x00000122a11f4d00, 0x00000122a12851b0, 0x00000122a13d2c40,
0x00000122a13d3330, 0x00000122a64f6950, 0x00000122a6de9210, 0x00000122a6de96e0,
0x00000122a6dea080, 0x00000122a6de7ed0
}

Java Threads: ( => current thread )
  0x00000122f9756260 JavaThread "main" [_thread_blocked, id=3376, stack(0x000000182cb00000,0x000000182cc00000)]
  0x00000122ff5c6a60 JavaThread "Reference Handler" daemon [_thread_blocked, id=20404, stack(0x000000182d200000,0x000000182d300000)]
  0x00000122ff5c75d0 JavaThread "Finalizer" daemon [_thread_blocked, id=12232, stack(0x000000182d300000,0x000000182d400000)]
  0x00000122ff5dbc40 JavaThread "Signal Dispatcher" daemon [_thread_blocked, id=12248, stack(0x000000182d400000,0x000000182d500000)]
  0x00000122ff5dc4f0 JavaThread "Attach Listener" daemon [_thread_blocked, id=28440, stack(0x000000182d500000,0x000000182d600000)]
  0x00000122ff5dcda0 JavaThread "Service Thread" daemon [_thread_blocked, id=17256, stack(0x000000182d600000,0x000000182d700000)]
  0x00000122ff5dda60 JavaThread "Monitor Deflation Thread" daemon [_thread_blocked, id=26320, stack(0x000000182d700000,0x000000182d800000)]
  0x00000122ff5de780 JavaThread "C2 CompilerThread0" daemon [_thread_blocked, id=18988, stack(0x000000182d800000,0x000000182d900000)]
  0x00000122ff5efaf0 JavaThread "C1 CompilerThread0" daemon [_thread_blocked, id=14208, stack(0x000000182d900000,0x000000182da00000)]
  0x00000122ff6193d0 JavaThread "Sweeper thread" daemon [_thread_blocked, id=23988, stack(0x000000182da00000,0x000000182db00000)]
  0x00000122a08c0700 JavaThread "Common-Cleaner" daemon [_thread_blocked, id=22376, stack(0x000000182db00000,0x000000182dc00000)]
  0x00000122a0bfe850 JavaThread "Monitor Ctrl-Break" daemon [_thread_in_native, id=3988, stack(0x000000182de00000,0x000000182df00000)]
  0x00000122a0e1f260 JavaThread "Notification Thread" daemon [_thread_blocked, id=18340, stack(0x000000182df00000,0x000000182e000000)]
  0x00000122a11f4d00 JavaThread "InvokeLaterDispatcher" daemon [_thread_blocked, id=16376, stack(0x000000182e400000,0x000000182e500000)]
  0x00000122a12851b0 JavaThread "JavaFX Application Thread" [_thread_in_native, id=23036, stack(0x000000182e500000,0x000000182e600000)]
  0x00000122a13d2c40 JavaThread "Thread-1" daemon [_thread_in_native, id=15336, stack(0x000000182dd00000,0x000000182de00000)]
  0x00000122a13d3330 JavaThread "JavaFX-Launcher" [_thread_blocked, id=19908, stack(0x000000182ee00000,0x000000182ef00000)]
  0x00000122a64f6950 JavaThread "Prism Font Disposer" daemon [_thread_blocked, id=12096, stack(0x000000182f400000,0x000000182f500000)]
  0x00000122a6de9210 JavaThread "Cleaner-0" daemon [_thread_blocked, id=17824, stack(0x0000001830300000,0x0000001830400000)]
  0x00000122a6de96e0 JavaThread "Java2D Disposer" daemon [_thread_blocked, id=25980, stack(0x000000182dc00000,0x000000182dd00000)]
  0x00000122a6dea080 JavaThread "SIGINT handler" daemon [_thread_blocked, id=27048, stack(0x000000182c800000,0x000000182c900000)]
  0x00000122a6de7ed0 JavaThread "AWT-Shutdown" [_thread_blocked, id=8916, stack(0x0000001830800000,0x0000001830900000)]

Other Threads:
=>0x00000122f97dca10 VMThread "VM Thread" [stack: 0x000000182d100000,0x000000182d200000] [id=9956]
  0x00000122f97c1d90 WorkerThread "GC Thread#0" [stack: 0x000000182cc00000,0x000000182cd00000] [id=14256]
  0x00000122a13d7180 WorkerThread "GC Thread#1" [stack: 0x000000182ef00000,0x000000182f000000] [id=7580]
  0x00000122a64590f0 WorkerThread "GC Thread#2" [stack: 0x000000182f000000,0x000000182f100000] [id=20024]
  0x00000122a11f12a0 WorkerThread "GC Thread#3" [stack: 0x000000182f100000,0x000000182f200000] [id=2388]
  0x00000122a647c1c0 WorkerThread "GC Thread#4" [stack: 0x000000182f200000,0x000000182f300000] [id=23544]
  0x00000122a647c870 WorkerThread "GC Thread#5" [stack: 0x000000182f300000,0x000000182f400000] [id=7980]
  0x00000122a659b9a0 WorkerThread "GC Thread#6" [stack: 0x000000182f700000,0x000000182f800000] [id=22640]
  0x00000122a659b700 WorkerThread "GC Thread#7" [stack: 0x000000182f800000,0x000000182f900000] [id=28612]
  0x00000122a659c960 WorkerThread "GC Thread#8" [stack: 0x000000182f900000,0x000000182fa00000] [id=27432]
  0x00000122a659b460 WorkerThread "GC Thread#9" [stack: 0x000000182fa00000,0x000000182fb00000] [id=2344]
  0x00000122f97d0c60 ConcurrentGCThread "G1 Main Marker" terminated
  0x00000122f97d1300 WorkerThread "G1 Conc#0" [stack: 0x000000182ce00000,0x000000182cf00000] [id=9568]
  0x00000122f9805330 ConcurrentGCThread "G1 Refine#0" terminated
  0x00000122a66aabc0 ConcurrentGCThread "G1 Refine#1" terminated
  0x00000122a67d64c0 ConcurrentGCThread "G1 Refine#2" terminated
  0x00000122a67d6790 ConcurrentGCThread "G1 Refine#3" terminated
  0x00000122a6751210 ConcurrentGCThread "G1 Refine#4" terminated
  0x00000122a67514e0 ConcurrentGCThread "G1 Refine#5" terminated
  0x00000122f98059f0 ConcurrentGCThread "G1 Service" terminated

Threads with active compile tasks:

VM state: at safepoint (shutting down)

VM Mutex/Monitor currently owned by a thread:  ([mutex/lock_event])
[0x00000122f9750d10] Threads_lock - owner thread: 0x00000122f97dca10
[0x00000122f9751190] Heap_lock - owner thread: 0x00000122a6dea080

Heap address: 0x000000070a000000, size: 3936 MB, Compressed Oops mode: Zero based, Oop shift amount: 3

CDS archive(s) mapped at: [0x0000000800000000-0x0000000800b90000-0x0000000800b90000), size 12124160, SharedBaseAddress: 0x0000000800000000, ArchiveRelocationMode: 0.
Compressed class space mapped at: 0x0000000800c00000-0x0000000840c00000, reserved size: 1073741824
Narrow klass base: 0x0000000800000000, Narrow klass shift: 0, Narrow klass range: 0x100000000

GC Precious Log:
 CardTable entry size: 512
 Card Set container configuration: InlinePtr #cards 4 size 8 Array Of Cards #cards 16 size 48 Howl #buckets 8 coarsen threshold 3686 Howl Bitmap #cards 512 size 80 coarsen threshold 460 Card regions per heap region 1 cards per card region 4096
 CPUs: 12 total, 12 available
 Memory: 15741M
 Large Page Support: Disabled
 NUMA Support: Disabled
 Compressed Oops: Enabled (Zero based)
 Heap Region Size: 2M
 Heap Min Capacity: 8M
 Heap Initial Capacity: 246M
 Heap Max Capacity: 3936M
 Pre-touch: Disabled
 Parallel Workers: 10
 Concurrent Workers: 3
 Concurrent Refinement Workers: 10
 Periodic GC: Disabled

Heap:
 garbage-first heap   total 251904K, used 39907K [0x000000070a000000, 0x0000000800000000)
  region size 2048K, 19 young (38912K), 3 survivors (6144K)
 Metaspace       used 18032K, committed 18368K, reserved 1114112K
  class space    used 2345K, committed 2496K, reserved 1048576K

Heap Regions: E=young(eden), S=young(survivor), O=old, HS=humongous(starts), HC=humongous(continues), CS=collection set, F=free, OA=open archive, CA=closed archive, TAMS=top-at-mark-start (previous, next)
|   0|0x000000070a000000, 0x000000070a200000, 0x000000070a200000|100%| O|  |TAMS 0x000000070a000000, 0x000000070a000000| Untracked 
|   1|0x000000070a200000, 0x000000070a2f8c00, 0x000000070a400000| 48%| O|  |TAMS 0x000000070a200000, 0x000000070a200000| Untracked 
|   2|0x000000070a400000, 0x000000070a600000, 0x000000070a600000|100%|HS|  |TAMS 0x000000070a400000, 0x000000070a400000| Complete 
|   3|0x000000070a600000, 0x000000070a600000, 0x000000070a800000|  0%| F|  |TAMS 0x000000070a600000, 0x000000070a600000| Untracked 
|   4|0x000000070a800000, 0x000000070a800000, 0x000000070aa00000|  0%| F|  |TAMS 0x000000070a800000, 0x000000070a800000| Untracked 
|   5|0x000000070aa00000, 0x000000070aa00000, 0x000000070ac00000|  0%| F|  |TAMS 0x000000070aa00000, 0x000000070aa00000| Untracked 
|   6|0x000000070ac00000, 0x000000070ac00000, 0x000000070ae00000|  0%| F|  |TAMS 0x000000070ac00000, 0x000000070ac00000| Untracked 
|   7|0x000000070ae00000, 0x000000070ae00000, 0x000000070b000000|  0%| F|  |TAMS 0x000000070ae00000, 0x000000070ae00000| Untracked 
|   8|0x000000070b000000, 0x000000070b000000, 0x000000070b200000|  0%| F|  |TAMS 0x000000070b000000, 0x000000070b000000| Untracked 
|   9|0x000000070b200000, 0x000000070b200000, 0x000000070b400000|  0%| F|  |TAMS 0x000000070b200000, 0x000000070b200000| Untracked 
|  10|0x000000070b400000, 0x000000070b400000, 0x000000070b600000|  0%| F|  |TAMS 0x000000070b400000, 0x000000070b400000| Untracked 
|  11|0x000000070b600000, 0x000000070b600000, 0x000000070b800000|  0%| F|  |TAMS 0x000000070b600000, 0x000000070b600000| Untracked 
|  12|0x000000070b800000, 0x000000070b800000, 0x000000070ba00000|  0%| F|  |TAMS 0x000000070b800000, 0x000000070b800000| Untracked 
|  13|0x000000070ba00000, 0x000000070ba00000, 0x000000070bc00000|  0%| F|  |TAMS 0x000000070ba00000, 0x000000070ba00000| Untracked 
|  14|0x000000070bc00000, 0x000000070bc00000, 0x000000070be00000|  0%| F|  |TAMS 0x000000070bc00000, 0x000000070bc00000| Untracked 
|  15|0x000000070be00000, 0x000000070be00000, 0x000000070c000000|  0%| F|  |TAMS 0x000000070be00000, 0x000000070be00000| Untracked 
|  16|0x000000070c000000, 0x000000070c000000, 0x000000070c200000|  0%| F|  |TAMS 0x000000070c000000, 0x000000070c000000| Untracked 
|  17|0x000000070c200000, 0x000000070c200000, 0x000000070c400000|  0%| F|  |TAMS 0x000000070c200000, 0x000000070c200000| Untracked 
|  18|0x000000070c400000, 0x000000070c400000, 0x000000070c600000|  0%| F|  |TAMS 0x000000070c400000, 0x000000070c400000| Untracked 
|  19|0x000000070c600000, 0x000000070c600000, 0x000000070c800000|  0%| F|  |TAMS 0x000000070c600000, 0x000000070c600000| Untracked 
|  20|0x000000070c800000, 0x000000070c800000, 0x000000070ca00000|  0%| F|  |TAMS 0x000000070c800000, 0x000000070c800000| Untracked 
|  21|0x000000070ca00000, 0x000000070ca00000, 0x000000070cc00000|  0%| F|  |TAMS 0x000000070ca00000, 0x000000070ca00000| Untracked 
|  22|0x000000070cc00000, 0x000000070cc00000, 0x000000070ce00000|  0%| F|  |TAMS 0x000000070cc00000, 0x000000070cc00000| Untracked 
|  23|0x000000070ce00000, 0x000000070ce00000, 0x000000070d000000|  0%| F|  |TAMS 0x000000070ce00000, 0x000000070ce00000| Untracked 
|  24|0x000000070d000000, 0x000000070d000000, 0x000000070d200000|  0%| F|  |TAMS 0x000000070d000000, 0x000000070d000000| Untracked 
|  25|0x000000070d200000, 0x000000070d200000, 0x000000070d400000|  0%| F|  |TAMS 0x000000070d200000, 0x000000070d200000| Untracked 
|  26|0x000000070d400000, 0x000000070d400000, 0x000000070d600000|  0%| F|  |TAMS 0x000000070d400000, 0x000000070d400000| Untracked 
|  27|0x000000070d600000, 0x000000070d600000, 0x000000070d800000|  0%| F|  |TAMS 0x000000070d600000, 0x000000070d600000| Untracked 
|  28|0x000000070d800000, 0x000000070d800000, 0x000000070da00000|  0%| F|  |TAMS 0x000000070d800000, 0x000000070d800000| Untracked 
|  29|0x000000070da00000, 0x000000070da00000, 0x000000070dc00000|  0%| F|  |TAMS 0x000000070da00000, 0x000000070da00000| Untracked 
|  30|0x000000070dc00000, 0x000000070dc00000, 0x000000070de00000|  0%| F|  |TAMS 0x000000070dc00000, 0x000000070dc00000| Untracked 
|  31|0x000000070de00000, 0x000000070de00000, 0x000000070e000000|  0%| F|  |TAMS 0x000000070de00000, 0x000000070de00000| Untracked 
|  32|0x000000070e000000, 0x000000070e000000, 0x000000070e200000|  0%| F|  |TAMS 0x000000070e000000, 0x000000070e000000| Untracked 
|  33|0x000000070e200000, 0x000000070e200000, 0x000000070e400000|  0%| F|  |TAMS 0x000000070e200000, 0x000000070e200000| Untracked 
|  34|0x000000070e400000, 0x000000070e400000, 0x000000070e600000|  0%| F|  |TAMS 0x000000070e400000, 0x000000070e400000| Untracked 
|  35|0x000000070e600000, 0x000000070e600000, 0x000000070e800000|  0%| F|  |TAMS 0x000000070e600000, 0x000000070e600000| Untracked 
|  36|0x000000070e800000, 0x000000070e800000, 0x000000070ea00000|  0%| F|  |TAMS 0x000000070e800000, 0x000000070e800000| Untracked 
|  37|0x000000070ea00000, 0x000000070ea00000, 0x000000070ec00000|  0%| F|  |TAMS 0x000000070ea00000, 0x000000070ea00000| Untracked 
|  38|0x000000070ec00000, 0x000000070ec00000, 0x000000070ee00000|  0%| F|  |TAMS 0x000000070ec00000, 0x000000070ec00000| Untracked 
|  39|0x000000070ee00000, 0x000000070ee00000, 0x000000070f000000|  0%| F|  |TAMS 0x000000070ee00000, 0x000000070ee00000| Untracked 
|  40|0x000000070f000000, 0x000000070f000000, 0x000000070f200000|  0%| F|  |TAMS 0x000000070f000000, 0x000000070f000000| Untracked 
|  41|0x000000070f200000, 0x000000070f200000, 0x000000070f400000|  0%| F|  |TAMS 0x000000070f200000, 0x000000070f200000| Untracked 
|  42|0x000000070f400000, 0x000000070f400000, 0x000000070f600000|  0%| F|  |TAMS 0x000000070f400000, 0x000000070f400000| Untracked 
|  43|0x000000070f600000, 0x000000070f600000, 0x000000070f800000|  0%| F|  |TAMS 0x000000070f600000, 0x000000070f600000| Untracked 
|  44|0x000000070f800000, 0x000000070f800000, 0x000000070fa00000|  0%| F|  |TAMS 0x000000070f800000, 0x000000070f800000| Untracked 
|  45|0x000000070fa00000, 0x000000070fa00000, 0x000000070fc00000|  0%| F|  |TAMS 0x000000070fa00000, 0x000000070fa00000| Untracked 
|  46|0x000000070fc00000, 0x000000070fc00000, 0x000000070fe00000|  0%| F|  |TAMS 0x000000070fc00000, 0x000000070fc00000| Untracked 
|  47|0x000000070fe00000, 0x000000070fe00000, 0x0000000710000000|  0%| F|  |TAMS 0x000000070fe00000, 0x000000070fe00000| Untracked 
|  48|0x0000000710000000, 0x0000000710000000, 0x0000000710200000|  0%| F|  |TAMS 0x0000000710000000, 0x0000000710000000| Untracked 
|  49|0x0000000710200000, 0x0000000710200000, 0x0000000710400000|  0%| F|  |TAMS 0x0000000710200000, 0x0000000710200000| Untracked 
|  50|0x0000000710400000, 0x0000000710400000, 0x0000000710600000|  0%| F|  |TAMS 0x0000000710400000, 0x0000000710400000| Untracked 
|  51|0x0000000710600000, 0x0000000710600000, 0x0000000710800000|  0%| F|  |TAMS 0x0000000710600000, 0x0000000710600000| Untracked 
|  52|0x0000000710800000, 0x0000000710800000, 0x0000000710a00000|  0%| F|  |TAMS 0x0000000710800000, 0x0000000710800000| Untracked 
|  53|0x0000000710a00000, 0x0000000710a00000, 0x0000000710c00000|  0%| F|  |TAMS 0x0000000710a00000, 0x0000000710a00000| Untracked 
|  54|0x0000000710c00000, 0x0000000710c00000, 0x0000000710e00000|  0%| F|  |TAMS 0x0000000710c00000, 0x0000000710c00000| Untracked 
|  55|0x0000000710e00000, 0x0000000710e00000, 0x0000000711000000|  0%| F|  |TAMS 0x0000000710e00000, 0x0000000710e00000| Untracked 
|  56|0x0000000711000000, 0x0000000711000000, 0x0000000711200000|  0%| F|  |TAMS 0x0000000711000000, 0x0000000711000000| Untracked 
|  57|0x0000000711200000, 0x0000000711200000, 0x0000000711400000|  0%| F|  |TAMS 0x0000000711200000, 0x0000000711200000| Untracked 
|  58|0x0000000711400000, 0x0000000711400000, 0x0000000711600000|  0%| F|  |TAMS 0x0000000711400000, 0x0000000711400000| Untracked 
|  59|0x0000000711600000, 0x0000000711600000, 0x0000000711800000|  0%| F|  |TAMS 0x0000000711600000, 0x0000000711600000| Untracked 
|  60|0x0000000711800000, 0x0000000711800000, 0x0000000711a00000|  0%| F|  |TAMS 0x0000000711800000, 0x0000000711800000| Untracked 
|  61|0x0000000711a00000, 0x0000000711a00000, 0x0000000711c00000|  0%| F|  |TAMS 0x0000000711a00000, 0x0000000711a00000| Untracked 
|  62|0x0000000711c00000, 0x0000000711c00000, 0x0000000711e00000|  0%| F|  |TAMS 0x0000000711c00000, 0x0000000711c00000| Untracked 
|  63|0x0000000711e00000, 0x0000000711e00000, 0x0000000712000000|  0%| F|  |TAMS 0x0000000711e00000, 0x0000000711e00000| Untracked 
|  64|0x0000000712000000, 0x0000000712000000, 0x0000000712200000|  0%| F|  |TAMS 0x0000000712000000, 0x0000000712000000| Untracked 
|  65|0x0000000712200000, 0x0000000712200000, 0x0000000712400000|  0%| F|  |TAMS 0x0000000712200000, 0x0000000712200000| Untracked 
|  66|0x0000000712400000, 0x0000000712400000, 0x0000000712600000|  0%| F|  |TAMS 0x0000000712400000, 0x0000000712400000| Untracked 
|  67|0x0000000712600000, 0x0000000712600000, 0x0000000712800000|  0%| F|  |TAMS 0x0000000712600000, 0x0000000712600000| Untracked 
|  68|0x0000000712800000, 0x0000000712800000, 0x0000000712a00000|  0%| F|  |TAMS 0x0000000712800000, 0x0000000712800000| Untracked 
|  69|0x0000000712a00000, 0x0000000712a00000, 0x0000000712c00000|  0%| F|  |TAMS 0x0000000712a00000, 0x0000000712a00000| Untracked 
|  70|0x0000000712c00000, 0x0000000712c00000, 0x0000000712e00000|  0%| F|  |TAMS 0x0000000712c00000, 0x0000000712c00000| Untracked 
|  71|0x0000000712e00000, 0x0000000712e00000, 0x0000000713000000|  0%| F|  |TAMS 0x0000000712e00000, 0x0000000712e00000| Untracked 
|  72|0x0000000713000000, 0x0000000713000000, 0x0000000713200000|  0%| F|  |TAMS 0x0000000713000000, 0x0000000713000000| Untracked 
|  73|0x0000000713200000, 0x0000000713200000, 0x0000000713400000|  0%| F|  |TAMS 0x0000000713200000, 0x0000000713200000| Untracked 
|  74|0x0000000713400000, 0x0000000713400000, 0x0000000713600000|  0%| F|  |TAMS 0x0000000713400000, 0x0000000713400000| Untracked 
|  75|0x0000000713600000, 0x0000000713600000, 0x0000000713800000|  0%| F|  |TAMS 0x0000000713600000, 0x0000000713600000| Untracked 
|  76|0x0000000713800000, 0x0000000713800000, 0x0000000713a00000|  0%| F|  |TAMS 0x0000000713800000, 0x0000000713800000| Untracked 
|  77|0x0000000713a00000, 0x0000000713a00000, 0x0000000713c00000|  0%| F|  |TAMS 0x0000000713a00000, 0x0000000713a00000| Untracked 
|  78|0x0000000713c00000, 0x0000000713c00000, 0x0000000713e00000|  0%| F|  |TAMS 0x0000000713c00000, 0x0000000713c00000| Untracked 
|  79|0x0000000713e00000, 0x0000000713e00000, 0x0000000714000000|  0%| F|  |TAMS 0x0000000713e00000, 0x0000000713e00000| Untracked 
|  80|0x0000000714000000, 0x0000000714000000, 0x0000000714200000|  0%| F|  |TAMS 0x0000000714000000, 0x0000000714000000| Untracked 
|  81|0x0000000714200000, 0x0000000714200000, 0x0000000714400000|  0%| F|  |TAMS 0x0000000714200000, 0x0000000714200000| Untracked 
|  82|0x0000000714400000, 0x0000000714400000, 0x0000000714600000|  0%| F|  |TAMS 0x0000000714400000, 0x0000000714400000| Untracked 
|  83|0x0000000714600000, 0x0000000714600000, 0x0000000714800000|  0%| F|  |TAMS 0x0000000714600000, 0x0000000714600000| Untracked 
|  84|0x0000000714800000, 0x0000000714800000, 0x0000000714a00000|  0%| F|  |TAMS 0x0000000714800000, 0x0000000714800000| Untracked 
|  85|0x0000000714a00000, 0x0000000714a00000, 0x0000000714c00000|  0%| F|  |TAMS 0x0000000714a00000, 0x0000000714a00000| Untracked 
|  86|0x0000000714c00000, 0x0000000714c00000, 0x0000000714e00000|  0%| F|  |TAMS 0x0000000714c00000, 0x0000000714c00000| Untracked 
|  87|0x0000000714e00000, 0x0000000714e00000, 0x0000000715000000|  0%| F|  |TAMS 0x0000000714e00000, 0x0000000714e00000| Untracked 
|  88|0x0000000715000000, 0x0000000715000000, 0x0000000715200000|  0%| F|  |TAMS 0x0000000715000000, 0x0000000715000000| Untracked 
|  89|0x0000000715200000, 0x0000000715200000, 0x0000000715400000|  0%| F|  |TAMS 0x0000000715200000, 0x0000000715200000| Untracked 
|  90|0x0000000715400000, 0x0000000715400000, 0x0000000715600000|  0%| F|  |TAMS 0x0000000715400000, 0x0000000715400000| Untracked 
|  91|0x0000000715600000, 0x0000000715600000, 0x0000000715800000|  0%| F|  |TAMS 0x0000000715600000, 0x0000000715600000| Untracked 
|  92|0x0000000715800000, 0x0000000715800000, 0x0000000715a00000|  0%| F|  |TAMS 0x0000000715800000, 0x0000000715800000| Untracked 
|  93|0x0000000715a00000, 0x0000000715a00000, 0x0000000715c00000|  0%| F|  |TAMS 0x0000000715a00000, 0x0000000715a00000| Untracked 
|  94|0x0000000715c00000, 0x0000000715c00000, 0x0000000715e00000|  0%| F|  |TAMS 0x0000000715c00000, 0x0000000715c00000| Untracked 
|  95|0x0000000715e00000, 0x0000000715e00000, 0x0000000716000000|  0%| F|  |TAMS 0x0000000715e00000, 0x0000000715e00000| Untracked 
|  96|0x0000000716000000, 0x0000000716000000, 0x0000000716200000|  0%| F|  |TAMS 0x0000000716000000, 0x0000000716000000| Untracked 
|  97|0x0000000716200000, 0x0000000716200000, 0x0000000716400000|  0%| F|  |TAMS 0x0000000716200000, 0x0000000716200000| Untracked 
|  98|0x0000000716400000, 0x0000000716400000, 0x0000000716600000|  0%| F|  |TAMS 0x0000000716400000, 0x0000000716400000| Untracked 
|  99|0x0000000716600000, 0x0000000716600000, 0x0000000716800000|  0%| F|  |TAMS 0x0000000716600000, 0x0000000716600000| Untracked 
| 100|0x0000000716800000, 0x0000000716a00000, 0x0000000716a00000|100%| S|CS|TAMS 0x0000000716800000, 0x0000000716800000| Complete 
| 101|0x0000000716a00000, 0x0000000716c00000, 0x0000000716c00000|100%| S|CS|TAMS 0x0000000716a00000, 0x0000000716a00000| Complete 
| 102|0x0000000716c00000, 0x0000000716e00000, 0x0000000716e00000|100%| S|CS|TAMS 0x0000000716c00000, 0x0000000716c00000| Complete 
| 103|0x0000000716e00000, 0x0000000716e00000, 0x0000000717000000|  0%| F|  |TAMS 0x0000000716e00000, 0x0000000716e00000| Untracked 
| 104|0x0000000717000000, 0x0000000717000000, 0x0000000717200000|  0%| F|  |TAMS 0x0000000717000000, 0x0000000717000000| Untracked 
| 105|0x0000000717200000, 0x0000000717200000, 0x0000000717400000|  0%| F|  |TAMS 0x0000000717200000, 0x0000000717200000| Untracked 
| 106|0x0000000717400000, 0x0000000717400000, 0x0000000717600000|  0%| F|  |TAMS 0x0000000717400000, 0x0000000717400000| Untracked 
| 107|0x0000000717600000, 0x00000007176823b8, 0x0000000717800000| 25%| E|  |TAMS 0x0000000717600000, 0x0000000717600000| Complete 
| 108|0x0000000717800000, 0x0000000717a00000, 0x0000000717a00000|100%| E|CS|TAMS 0x0000000717800000, 0x0000000717800000| Complete 
| 109|0x0000000717a00000, 0x0000000717c00000, 0x0000000717c00000|100%| E|CS|TAMS 0x0000000717a00000, 0x0000000717a00000| Complete 
| 110|0x0000000717c00000, 0x0000000717e00000, 0x0000000717e00000|100%| E|  |TAMS 0x0000000717c00000, 0x0000000717c00000| Complete 
| 111|0x0000000717e00000, 0x0000000718000000, 0x0000000718000000|100%| E|CS|TAMS 0x0000000717e00000, 0x0000000717e00000| Complete 
| 112|0x0000000718000000, 0x0000000718200000, 0x0000000718200000|100%| E|CS|TAMS 0x0000000718000000, 0x0000000718000000| Complete 
| 113|0x0000000718200000, 0x0000000718400000, 0x0000000718400000|100%| E|CS|TAMS 0x0000000718200000, 0x0000000718200000| Complete 
| 114|0x0000000718400000, 0x0000000718600000, 0x0000000718600000|100%| E|CS|TAMS 0x0000000718400000, 0x0000000718400000| Complete 
| 115|0x0000000718600000, 0x0000000718800000, 0x0000000718800000|100%| E|CS|TAMS 0x0000000718600000, 0x0000000718600000| Complete 
| 116|0x0000000718800000, 0x0000000718a00000, 0x0000000718a00000|100%| E|CS|TAMS 0x0000000718800000, 0x0000000718800000| Complete 
| 117|0x0000000718a00000, 0x0000000718c00000, 0x0000000718c00000|100%| E|CS|TAMS 0x0000000718a00000, 0x0000000718a00000| Complete 
| 118|0x0000000718c00000, 0x0000000718e00000, 0x0000000718e00000|100%| E|CS|TAMS 0x0000000718c00000, 0x0000000718c00000| Complete 
| 119|0x0000000718e00000, 0x0000000719000000, 0x0000000719000000|100%| E|CS|TAMS 0x0000000718e00000, 0x0000000718e00000| Complete 
| 120|0x0000000719000000, 0x0000000719200000, 0x0000000719200000|100%| E|CS|TAMS 0x0000000719000000, 0x0000000719000000| Complete 
| 121|0x0000000719200000, 0x0000000719400000, 0x0000000719400000|100%| E|CS|TAMS 0x0000000719200000, 0x0000000719200000| Complete 
| 122|0x0000000719400000, 0x0000000719600000, 0x0000000719600000|100%| E|CS|TAMS 0x0000000719400000, 0x0000000719400000| Complete 

Card table byte_map: [0x00000122fa550000,0x00000122fad00000] _byte_map_base: 0x00000122f6d00000

Marking Bits (Prev, Next): (CMBitMap*) 0x00000122f97c22a0, (CMBitMap*) 0x00000122f97c22e0
 Prev Bits: [0x00000122fb4b0000, 0x00000122ff230000)
 Next Bits: [0x0000012296870000, 0x000001229a5f0000)

Polling page: 0x00000122f76e0000

Metaspace:

Usage:
  Non-class:     15.32 MB used.
      Class:      2.29 MB used.
       Both:     17.61 MB used.

Virtual space:
  Non-class space:       64.00 MB reserved,      15.50 MB ( 24%) committed,  1 nodes.
      Class space:        1.00 GB reserved,       2.44 MB ( <1%) committed,  1 nodes.
             Both:        1.06 GB reserved,      17.94 MB (  2%) committed. 

Chunk freelists:
   Non-Class:  496.00 KB
       Class:  1.51 MB
        Both:  1.99 MB

MaxMetaspaceSize: unlimited
CompressedClassSpaceSize: 1.00 GB
Initial GC threshold: 21.00 MB
Current GC threshold: 21.00 MB
CDS: on
MetaspaceReclaimPolicy: balanced
 - commit_granule_bytes: 65536.
 - commit_granule_words: 8192.
 - virtual_space_node_default_size: 8388608.
 - enlarge_chunks_in_place: 1.
 - new_chunks_are_fully_committed: 0.
 - uncommit_free_chunks: 1.
 - use_allocation_guard: 0.


Internal statistics:

num_allocs_failed_limit: 0.
num_arena_births: 380.
num_arena_deaths: 0.
num_vsnodes_births: 2.
num_vsnodes_deaths: 0.
num_space_committed: 287.
num_space_uncommitted: 0.
num_chunks_returned_to_freelist: 0.
num_chunks_taken_from_freelist: 960.
num_chunk_merges: 0.
num_chunk_splits: 639.
num_chunks_enlarged: 438.
num_inconsistent_stats: 0.

CodeHeap 'non-profiled nmethods': size=120000Kb used=1776Kb max_used=1776Kb free=118223Kb
 bounds [0x000001228f340000, 0x000001228f5b0000, 0x0000012296870000]
CodeHeap 'profiled nmethods': size=120000Kb used=7325Kb max_used=7325Kb free=112674Kb
 bounds [0x0000012287e10000, 0x0000012288540000, 0x000001228f340000]
CodeHeap 'non-nmethods': size=5760Kb used=1475Kb max_used=1497Kb free=4284Kb
 bounds [0x0000012287870000, 0x0000012287ae0000, 0x0000012287e10000]
 total_blobs=4645 nmethods=3810 adapters=745
 compilation: enabled
              stopped_count=0, restarted_count=0
 full_count=0

Compilation events (20 events):
Event: 63.899 Thread 0x00000122ff5de780 3802       4       javafx.beans.property.DoublePropertyBase::set (77 bytes)
Event: 63.900 Thread 0x00000122ff5de780 nmethod 3802 0x000001228f4f9e90 code [0x000001228f4fa020, 0x000001228f4fa118]
Event: 63.909 Thread 0x00000122ff5efaf0 3803       3       com.sun.javafx.application.PlatformImpl::isFxApplicationThread (7 bytes)
Event: 63.909 Thread 0x00000122ff5efaf0 nmethod 3803 0x0000012288533c10 code [0x0000012288533dc0, 0x0000012288534048]
Event: 63.937 Thread 0x00000122ff5efaf0 3804       3       com.sun.javafx.tk.quantum.GlassScene::entireSceneNeedsRepaint (28 bytes)
Event: 63.937 Thread 0x00000122ff5efaf0 nmethod 3804 0x0000012288534110 code [0x0000012288534340, 0x0000012288534b68]
Event: 63.937 Thread 0x00000122ff5efaf0 3805       3       javafx.application.Platform::isFxApplicationThread (4 bytes)
Event: 63.937 Thread 0x00000122ff5efaf0 nmethod 3805 0x0000012288534e10 code [0x0000012288534fc0, 0x00000122885352a8]
Event: 63.951 Thread 0x00000122ff5efaf0 3806       3       com.sun.glass.ui.View::notifyView (197 bytes)
Event: 63.951 Thread 0x00000122ff5efaf0 nmethod 3806 0x0000012288535390 code [0x0000012288535620, 0x0000012288536228]
Event: 63.964 Thread 0x00000122ff5efaf0 3807   !   3       com.sun.javafx.tk.quantum.GlassViewEventHandler::handleViewEvent (83 bytes)
Event: 63.964 Thread 0x00000122ff5efaf0 nmethod 3807 0x0000012288536510 code [0x0000012288536720, 0x0000012288536db8]
Event: 63.964 Thread 0x00000122ff5efaf0 3808       3       com.sun.javafx.tk.quantum.GlassViewEventHandler$$Lambda$214/0x0000000800dbf060::<init> (10 bytes)
Event: 63.964 Thread 0x00000122ff5efaf0 nmethod 3808 0x0000012288537090 code [0x0000012288537220, 0x00000122885373d8]
Event: 64.167 Thread 0x00000122ff5de780 3809       4       com.sun.glass.ui.View::getWindow (8 bytes)
Event: 64.167 Thread 0x00000122ff5de780 nmethod 3809 0x000001228f4fa210 code [0x000001228f4fa380, 0x000001228f4fa438]
Event: 84.220 Thread 0x00000122ff5de780 3810       4       com.sun.javafx.tk.quantum.QuantumToolkit::postPulse (133 bytes)
Event: 84.230 Thread 0x00000122ff5de780 nmethod 3810 0x000001228f4fa510 code [0x000001228f4fa700, 0x000001228f4fb528]
Event: 86.541 Thread 0x00000122ff5de780 3811       4       com.sun.javafx.tk.quantum.QuantumToolkit$$Lambda$80/0x0000000800c398c0::run (8 bytes)
Event: 86.542 Thread 0x00000122ff5de780 nmethod 3811 0x000001228f4fbd90 code [0x000001228f4fbf20, 0x000001228f4fc018]

GC Heap History (4 events):
Event: 0.580 GC heap before
{Heap before GC invocations=0 (full 0):
 garbage-first heap   total 251904K, used 22528K [0x000000070a000000, 0x0000000800000000)
  region size 2048K, 11 young (22528K), 0 survivors (0K)
 Metaspace       used 5099K, committed 5312K, reserved 1114112K
  class space    used 597K, committed 704K, reserved 1048576K
}
Event: 0.583 GC heap after
{Heap after GC invocations=1 (full 0):
 garbage-first heap   total 251904K, used 2634K [0x000000070a000000, 0x0000000800000000)
  region size 2048K, 2 young (4096K), 2 survivors (4096K)
 Metaspace       used 5099K, committed 5312K, reserved 1114112K
  class space    used 597K, committed 704K, reserved 1048576K
}
Event: 1.247 GC heap before
{Heap before GC invocations=1 (full 0):
 garbage-first heap   total 251904K, used 37450K [0x000000070a000000, 0x0000000800000000)
  region size 2048K, 20 young (40960K), 2 survivors (4096K)
 Metaspace       used 14298K, committed 14592K, reserved 1114112K
  class space    used 2088K, committed 2240K, reserved 1048576K
}
Event: 1.252 GC heap after
{Heap after GC invocations=2 (full 0):
 garbage-first heap   total 251904K, used 9187K [0x000000070a000000, 0x0000000800000000)
  region size 2048K, 3 young (6144K), 3 survivors (6144K)
 Metaspace       used 14298K, committed 14592K, reserved 1114112K
  class space    used 2088K, committed 2240K, reserved 1048576K
}

Deoptimization events (20 events):
Event: 53.400 Thread 0x00000122a12851b0 Uncommon trap: trap_request=0xffffff45 fr.pc=0x000001228f34d190 relative=0x0000000000000170
Event: 53.400 Thread 0x00000122a12851b0 Uncommon trap: reason=unstable_if action=reinterpret pc=0x000001228f34d190 method=java.lang.StringCoding.hasNegatives([BII)Z @ 12 c2
Event: 53.400 Thread 0x00000122a12851b0 DEOPT PACKING pc=0x000001228f34d190 sp=0x000000182e5f6b30
Event: 53.400 Thread 0x00000122a12851b0 DEOPT UNPACKING pc=0x00000122878c23a3 sp=0x000000182e5f6af8 mode 2
Event: 53.406 Thread 0x00000122a12851b0 Uncommon trap: trap_request=0xffffffc6 fr.pc=0x000001228f3e7250 relative=0x0000000000000db0
Event: 53.406 Thread 0x00000122a12851b0 Uncommon trap: reason=bimorphic_or_optimized_type_check action=maybe_recompile pc=0x000001228f3e7250 method=java.io.DataInputStream.readFully([BII)V @ 30 c2
Event: 53.406 Thread 0x00000122a12851b0 DEOPT PACKING pc=0x000001228f3e7250 sp=0x000000182e5f6bf0
Event: 53.406 Thread 0x00000122a12851b0 DEOPT UNPACKING pc=0x00000122878c23a3 sp=0x000000182e5f6be8 mode 2
Event: 54.779 Thread 0x00000122a0f69440 Uncommon trap: trap_request=0xffffffd6 fr.pc=0x000001228f4e79f4 relative=0x0000000000001674
Event: 54.779 Thread 0x00000122a0f69440 Uncommon trap: reason=array_check action=maybe_recompile pc=0x000001228f4e79f4 method=java.util.TimSort.mergeLo(IIII)V @ 245 c2
Event: 54.779 Thread 0x00000122a0f69440 DEOPT PACKING pc=0x000001228f4e79f4 sp=0x000000182e1fd8e0
Event: 54.779 Thread 0x00000122a0f69440 DEOPT UNPACKING pc=0x00000122878c23a3 sp=0x000000182e1fd8c0 mode 2
Event: 54.779 Thread 0x00000122a0f69440 Uncommon trap: trap_request=0xffffffd6 fr.pc=0x000001228f4e79f4 relative=0x0000000000001674
Event: 54.779 Thread 0x00000122a0f69440 Uncommon trap: reason=array_check action=maybe_recompile pc=0x000001228f4e79f4 method=java.util.TimSort.mergeLo(IIII)V @ 245 c2
Event: 54.779 Thread 0x00000122a0f69440 DEOPT PACKING pc=0x000001228f4e79f4 sp=0x000000182e1fda10
Event: 54.779 Thread 0x00000122a0f69440 DEOPT UNPACKING pc=0x00000122878c23a3 sp=0x000000182e1fd9f0 mode 2
Event: 54.831 Thread 0x00000122a0f69440 Uncommon trap: trap_request=0xffffff76 fr.pc=0x000001228f4eb820 relative=0x0000000000001aa0
Event: 54.831 Thread 0x00000122a0f69440 Uncommon trap: reason=predicate action=maybe_recompile pc=0x000001228f4eb820 method=java.util.TimSort.mergeLo(IIII)V @ 270 c2
Event: 54.831 Thread 0x00000122a0f69440 DEOPT PACKING pc=0x000001228f4eb820 sp=0x000000182e1fd8e0
Event: 54.831 Thread 0x00000122a0f69440 DEOPT UNPACKING pc=0x00000122878c23a3 sp=0x000000182e1fd8c8 mode 2

Classes loaded (20 events):
Event: 15.379 Loading class java/awt/EventQueue$3
Event: 15.379 Loading class java/awt/EventQueue$3 done
Event: 15.379 Loading class java/awt/Queue
Event: 15.379 Loading class java/awt/Queue done
Event: 15.379 Loading class sun/awt/MostRecentKeyValue
Event: 15.379 Loading class sun/awt/MostRecentKeyValue done
Event: 15.379 Loading class sun/awt/PostEventQueue
Event: 15.379 Loading class sun/awt/PostEventQueue done
Event: 15.380 Loading class java/awt/Desktop$Action
Event: 15.380 Loading class java/awt/Desktop$Action done
Event: 15.380 Loading class sun/awt/windows/WDesktopPeer$1
Event: 15.380 Loading class sun/awt/windows/WDesktopPeer$1 done
Event: 16.378 Loading class java/util/IdentityHashMap$ValueIterator
Event: 16.378 Loading class java/util/IdentityHashMap$ValueIterator done
Event: 16.378 Loading class sun/awt/AppContext$PostShutdownEventRunnable
Event: 16.379 Loading class sun/awt/AppContext$PostShutdownEventRunnable done
Event: 16.379 Loading class sun/awt/AWTAutoShutdown$1
Event: 16.379 Loading class sun/awt/AWTAutoShutdown$1 done
Event: 93.810 Loading class jdk/internal/misc/Signal$1
Event: 93.810 Loading class jdk/internal/misc/Signal$1 done

Classes unloaded (0 events):
No events

Classes redefined (0 events):
No events

Internal exceptions (20 events):
Event: 0.980 Thread 0x00000122a12851b0 Implicit null exception at 0x000001228f3bb98f to 0x000001228f3bbc00
Event: 0.982 Thread 0x00000122a12851b0 Implicit null exception at 0x000001228f3bb18f to 0x000001228f3bb3f8
Event: 1.084 Thread 0x00000122a12851b0 Exception <a 'java/lang/ClassNotFoundException'{0x00000007176b4378}: com/sun/javafx/scene/control/skin/resources/controls> (0x00000007176b4378) 
thrown [s\open\src\hotspot\share\prims\jni.cpp, line 535]
Event: 1.084 Thread 0x00000122a12851b0 Exception <a 'java/lang/ClassNotFoundException'{0x00000007176c2318}: com/sun/javafx/scene/control/skin/resources/controls_ru> (0x00000007176c2318) 
thrown [s\open\src\hotspot\share\prims\jni.cpp, line 535]
Event: 1.084 Thread 0x00000122a12851b0 Exception <a 'java/lang/ClassNotFoundException'{0x00000007176c32b0}: com/sun/javafx/scene/control/skin/resources/controls_ru_RU> (0x00000007176c32b0) 
thrown [s\open\src\hotspot\share\prims\jni.cpp, line 535]
Event: 1.122 Thread 0x00000122a12851b0 Exception <a 'java/lang/NoSuchMethodError'{0x00000007174977a8}: 'void java.lang.invoke.DirectMethodHandle$Holder.invokeSpecial(java.lang.Object, java.lang.Object, java.lang.Object, java.lang.Object, java.lang.Object, java.lang.Object)'> (0x00000007174977a8) 
thrown [s\open\src\hotspot\share\interpreter\linkResolver.cpp, line 766]
Event: 1.126 Thread 0x00000122a12851b0 Exception <a 'java/lang/NoSuchMethodError'{0x00000007174b85b0}: 'java.lang.Object java.lang.invoke.DirectMethodHandle$Holder.invokeInterface(java.lang.Object, java.lang.Object, java.lang.Object)'> (0x00000007174b85b0) 
thrown [s\open\src\hotspot\share\interpreter\linkResolver.cpp, line 766]
Event: 1.127 Thread 0x00000122a12851b0 Exception <a 'java/lang/IncompatibleClassChangeError'{0x00000007174bbf30}: Found class java.lang.Object, but interface was expected> (0x00000007174bbf30) 
thrown [s\open\src\hotspot\share\interpreter\linkResolver.cpp, line 833]
Event: 1.173 Thread 0x00000122ff5dc4f0 Exception <a 'sun/nio/fs/WindowsException'{0x00000007170804b0}> (0x00000007170804b0) 
thrown [s\open\src\hotspot\share\prims\jni.cpp, line 516]
Event: 1.198 Thread 0x00000122a12851b0 Exception <a 'java/lang/NoSuchMethodError'{0x00000007171ce300}: 'int java.lang.invoke.DirectMethodHandle$Holder.invokeSpecial(java.lang.Object, java.lang.Object, int)'> (0x00000007171ce300) 
thrown [s\open\src\hotspot\share\interpreter\linkResolver.cpp, line 766]
Event: 1.210 Thread 0x00000122a12851b0 Exception <a 'java/lang/NoSuchMethodError'{0x0000000716e07f30}: 'java.lang.Object java.lang.invoke.DirectMethodHandle$Holder.newInvokeSpecial(java.lang.Object, java.lang.Object, int)'> (0x0000000716e07f30) 
thrown [s\open\src\hotspot\share\interpreter\linkResolver.cpp, line 766]
Event: 1.233 Thread 0x00000122a0f69440 Exception <a 'java/lang/NoSuchMethodError'{0x0000000716ee3670}: 'int java.lang.invoke.DirectMethodHandle$Holder.invokeStaticInit(java.lang.Object, java.lang.Object)'> (0x0000000716ee3670) 
thrown [s\open\src\hotspot\share\interpreter\linkResolver.cpp, line 766]
Event: 1.246 Thread 0x00000122a12851b0 Exception <a 'java/lang/NoSuchMethodError'{0x0000000716f21290}: 'long java.lang.invoke.DirectMethodHandle$Holder.invokeStatic(java.lang.Object, java.lang.Object, java.lang.Object)'> (0x0000000716f21290) 
thrown [s\open\src\hotspot\share\interpreter\linkResolver.cpp, line 766]
Event: 1.246 Thread 0x00000122a12851b0 Exception <a 'java/lang/NoSuchMethodError'{0x0000000716f24a30}: 'long java.lang.invoke.DirectMethodHandle$Holder.invokeStaticInit(java.lang.Object, java.lang.Object, java.lang.Object)'> (0x0000000716f24a30) 
thrown [s\open\src\hotspot\share\interpreter\linkResolver.cpp, line 766]
Event: 1.252 Thread 0x00000122a12851b0 Implicit null exception at 0x000001228f3e8b77 to 0x000001228f3ec014
Event: 1.254 Thread 0x00000122a12851b0 Exception <a 'java/lang/NoSuchMethodError'{0x000000071940e998}: 'java.lang.Object java.lang.invoke.DirectMethodHandle$Holder.newInvokeSpecial(java.lang.Object, java.lang.Object, long)'> (0x000000071940e998) 
thrown [s\open\src\hotspot\share\interpreter\linkResolver.cpp, line 766]
Event: 1.254 Thread 0x00000122a12851b0 Exception <a 'java/lang/NoSuchMethodError'{0x0000000719412510}: 'java.lang.Object java.lang.invoke.Invokers$Holder.linkToTargetMethod(java.lang.Object, long, java.lang.Object)'> (0x0000000719412510) 
thrown [s\open\src\hotspot\share\interpreter\linkResolver.cpp, line 766]
Event: 15.329 Thread 0x00000122a12851b0 Exception <a 'java/lang/ClassNotFoundException'{0x00000007186d9220}: sun/awt/resources/spi/awtProvider> (0x00000007186d9220) 
thrown [s\open\src\hotspot\share\classfile\systemDictionary.cpp, line 255]
Event: 15.339 Thread 0x00000122a12851b0 Exception <a 'java/io/FileNotFoundException'{0x00000007186dd058}> (0x00000007186dd058) 
thrown [s\open\src\hotspot\share\prims\jni.cpp, line 516]
Event: 15.339 Thread 0x00000122a12851b0 Exception <a 'java/io/FileNotFoundException'{0x00000007186df030}> (0x00000007186df030) 
thrown [s\open\src\hotspot\share\prims\jni.cpp, line 516]

VM Operations (20 events):
Event: 49.207 Executing VM operation: Cleanup done
Event: 50.207 Executing VM operation: Cleanup
Event: 50.208 Executing VM operation: Cleanup done
Event: 51.208 Executing VM operation: Cleanup
Event: 51.208 Executing VM operation: Cleanup done
Event: 52.208 Executing VM operation: Cleanup
Event: 52.209 Executing VM operation: Cleanup done
Event: 54.209 Executing VM operation: Cleanup
Event: 54.209 Executing VM operation: Cleanup done
Event: 55.527 Executing VM operation: HandshakeAllThreads
Event: 55.527 Executing VM operation: HandshakeAllThreads done
Event: 55.527 Executing VM operation: Cleanup
Event: 55.527 Executing VM operation: Cleanup done
Event: 56.527 Executing VM operation: Cleanup
Event: 56.527 Executing VM operation: Cleanup done
Event: 61.529 Executing VM operation: Cleanup
Event: 61.529 Executing VM operation: Cleanup done
Event: 62.530 Executing VM operation: Cleanup
Event: 62.530 Executing VM operation: Cleanup done
Event: 93.912 Executing VM operation: Exit

Events (20 events):
Event: 6.028 Thread 0x00000122a67466b0 Thread exited: 0x00000122a67466b0
Event: 11.327 Thread 0x00000122a6747af0 Thread added: 0x00000122a6747af0
Event: 11.613 Thread 0x00000122a6747af0 Thread exited: 0x00000122a6747af0
Event: 12.269 Thread 0x00000122a6745c90 Thread added: 0x00000122a6745c90
Event: 13.037 Thread 0x00000122a6745c90 Thread exited: 0x00000122a6745c90
Event: 15.338 Loaded shared library C:\Users\79393\.jdks\openjdk-18.0.1\bin\awt.dll
Event: 15.370 Thread 0x00000122a6de96e0 Thread added: 0x00000122a6de96e0
Event: 15.371 Thread 0x00000122a6de7ed0 Thread added: 0x00000122a6de7ed0
Event: 15.372 Thread 0x00000122a6dea550 Thread added: 0x00000122a6dea550
Event: 16.379 Thread 0x00000122a6de7ed0 Thread exited: 0x00000122a6de7ed0
Event: 93.810 Thread 0x00000122a6dea080 Thread added: 0x00000122a6dea080
Event: 93.810 Thread 0x00000122a6deaa20 Thread added: 0x00000122a6deaa20
Event: 93.810 Thread 0x00000122a6de7060 Thread added: 0x00000122a6de7060
Event: 93.810 Thread 0x00000122a6de7530 Thread added: 0x00000122a6de7530
Event: 93.811 Thread 0x00000122a6de7ed0 Thread added: 0x00000122a6de7ed0
Event: 93.811 Thread 0x00000122a6de7060 Thread exited: 0x00000122a6de7060
Event: 93.811 Thread 0x00000122a6de7530 Thread exited: 0x00000122a6de7530
Event: 93.812 Thread 0x00000122a6dea550 Thread exited: 0x00000122a6dea550
Event: 93.819 Thread 0x00000122a0f69440 Thread exited: 0x00000122a0f69440
Event: 93.911 Thread 0x00000122a6deaa20 Thread exited: 0x00000122a6deaa20


Dynamic libraries:
0x00007ff66ad10000 - 0x00007ff66ad1e000 	C:\Users\79393\.jdks\openjdk-18.0.1\bin\java.exe
0x00007ffbb9450000 - 0x00007ffbb9645000 	C:\Windows\SYSTEM32\ntdll.dll
0x00007ffbb79b0000 - 0x00007ffbb7a6e000 	C:\Windows\System32\KERNEL32.DLL
0x00007ffbb6bc0000 - 0x00007ffbb6e88000 	C:\Windows\System32\KERNELBASE.dll
0x00007ffbb73b0000 - 0x00007ffbb74b0000 	C:\Windows\System32\ucrtbase.dll
0x00007ffb692d0000 - 0x00007ffb692ea000 	C:\Users\79393\.jdks\openjdk-18.0.1\bin\VCRUNTIME140.dll
0x00007ffb69520000 - 0x00007ffb69537000 	C:\Users\79393\.jdks\openjdk-18.0.1\bin\jli.dll
0x00007ffbb80a0000 - 0x00007ffbb8240000 	C:\Windows\System32\USER32.dll
0x00007ffbb7380000 - 0x00007ffbb73a2000 	C:\Windows\System32\win32u.dll
0x00007ffbae4b0000 - 0x00007ffbae74a000 	C:\Windows\WinSxS\amd64_microsoft.windows.common-controls_6595b64144ccf1df_6.0.19041.1110_none_60b5254171f9507e\COMCTL32.dll
0x00007ffbb7e60000 - 0x00007ffbb7e8b000 	C:\Windows\System32\GDI32.dll
0x00007ffbb7e90000 - 0x00007ffbb7f2e000 	C:\Windows\System32\msvcrt.dll
0x00007ffbb6ec0000 - 0x00007ffbb6fcb000 	C:\Windows\System32\gdi32full.dll
0x00007ffbb72e0000 - 0x00007ffbb737d000 	C:\Windows\System32\msvcp_win.dll
0x00007ffbb8240000 - 0x00007ffbb8270000 	C:\Windows\System32\IMM32.DLL
0x00007ffb86ed0000 - 0x00007ffb86edc000 	C:\Users\79393\.jdks\openjdk-18.0.1\bin\vcruntime140_1.dll
0x00007ffb67b50000 - 0x00007ffb67bdd000 	C:\Users\79393\.jdks\openjdk-18.0.1\bin\msvcp140.dll
0x00007ffb52b90000 - 0x00007ffb537a0000 	C:\Users\79393\.jdks\openjdk-18.0.1\bin\server\jvm.dll
0x00007ffbb7f60000 - 0x00007ffbb800e000 	C:\Windows\System32\ADVAPI32.dll
0x00007ffbb7dc0000 - 0x00007ffbb7e5c000 	C:\Windows\System32\sechost.dll
0x00007ffbb7ae0000 - 0x00007ffbb7c05000 	C:\Windows\System32\RPCRT4.dll
0x00007ffbb7ad0000 - 0x00007ffbb7ad8000 	C:\Windows\System32\PSAPI.DLL
0x00007ffbad4b0000 - 0x00007ffbad4ba000 	C:\Windows\SYSTEM32\VERSION.dll
0x00007ffbab8d0000 - 0x00007ffbab8f7000 	C:\Windows\SYSTEM32\WINMM.dll
0x00007ffbb3ad0000 - 0x00007ffbb3ad9000 	C:\Windows\SYSTEM32\WSOCK32.dll
0x00007ffbb7580000 - 0x00007ffbb75eb000 	C:\Windows\System32\WS2_32.dll
0x00007ffbb5440000 - 0x00007ffbb5452000 	C:\Windows\SYSTEM32\kernel.appcore.dll
0x00007ffb86d70000 - 0x00007ffb86d7a000 	C:\Users\79393\.jdks\openjdk-18.0.1\bin\jimage.dll
0x00007ffbb44c0000 - 0x00007ffbb46a4000 	C:\Windows\SYSTEM32\DBGHELP.DLL
0x00007ffba2400000 - 0x00007ffba242c000 	C:\Windows\SYSTEM32\dbgcore.DLL
0x00007ffbb7250000 - 0x00007ffbb72d2000 	C:\Windows\System32\bcryptPrimitives.dll
0x00007ffbb3b30000 - 0x00007ffbb3b3e000 	C:\Users\79393\.jdks\openjdk-18.0.1\bin\instrument.dll
0x00007ffb692a0000 - 0x00007ffb692c5000 	C:\Users\79393\.jdks\openjdk-18.0.1\bin\java.dll
0x00007ffb67a70000 - 0x00007ffb67b46000 	C:\Users\79393\.jdks\openjdk-18.0.1\bin\jsvml.dll
0x00007ffbb8cc0000 - 0x00007ffbb9404000 	C:\Windows\System32\SHELL32.dll
0x00007ffbb4c60000 - 0x00007ffbb53f4000 	C:\Windows\SYSTEM32\windows.storage.dll
0x00007ffbb7650000 - 0x00007ffbb79a4000 	C:\Windows\System32\combase.dll
0x00007ffbb6560000 - 0x00007ffbb658c000 	C:\Windows\SYSTEM32\Wldp.dll
0x00007ffbb8620000 - 0x00007ffbb86cd000 	C:\Windows\System32\SHCORE.dll
0x00007ffbb75f0000 - 0x00007ffbb7645000 	C:\Windows\System32\shlwapi.dll
0x00007ffbb6ab0000 - 0x00007ffbb6acf000 	C:\Windows\SYSTEM32\profapi.dll
0x00007ffb69210000 - 0x00007ffb69223000 	C:\Users\79393\.jdks\openjdk-18.0.1\bin\net.dll
0x00007ffba66d0000 - 0x00007ffba67d9000 	C:\Windows\SYSTEM32\WINHTTP.dll
0x00007ffbb62c0000 - 0x00007ffbb632a000 	C:\Windows\system32\mswsock.dll
0x00007ffb68c20000 - 0x00007ffb68c36000 	C:\Users\79393\.jdks\openjdk-18.0.1\bin\nio.dll
0x00007ffb68c00000 - 0x00007ffb68c18000 	C:\Users\79393\.jdks\openjdk-18.0.1\bin\zip.dll
0x00007ffbaeab0000 - 0x00007ffbaeaca000 	C:\Program Files\JetBrains\IntelliJ IDEA Community Edition 2022.1\bin\breakgen64.dll
0x000001229c720000 - 0x000001229c723000 	C:\Users\79393\.openjfx\cache\18-ea+6\api-ms-win-core-console-l1-1-0.dll
0x000001229c730000 - 0x000001229c733000 	C:\Users\79393\.openjfx\cache\18-ea+6\api-ms-win-core-console-l1-2-0.dll
0x000001229c740000 - 0x000001229c743000 	C:\Users\79393\.openjfx\cache\18-ea+6\api-ms-win-core-datetime-l1-1-0.dll
0x000001229c750000 - 0x000001229c753000 	C:\Users\79393\.openjfx\cache\18-ea+6\api-ms-win-core-debug-l1-1-0.dll
0x000001229c760000 - 0x000001229c763000 	C:\Users\79393\.openjfx\cache\18-ea+6\api-ms-win-core-errorhandling-l1-1-0.dll
0x000001229c770000 - 0x000001229c774000 	C:\Users\79393\.openjfx\cache\18-ea+6\api-ms-win-core-file-l1-1-0.dll
0x000001229c780000 - 0x000001229c783000 	C:\Users\79393\.openjfx\cache\18-ea+6\api-ms-win-core-file-l1-2-0.dll
0x000001229c790000 - 0x000001229c793000 	C:\Users\79393\.openjfx\cache\18-ea+6\api-ms-win-core-file-l2-1-0.dll
0x000001229c7a0000 - 0x000001229c7a3000 	C:\Users\79393\.openjfx\cache\18-ea+6\api-ms-win-core-handle-l1-1-0.dll
0x000001229c7b0000 - 0x000001229c7b3000 	C:\Users\79393\.openjfx\cache\18-ea+6\api-ms-win-core-heap-l1-1-0.dll
0x000001229c7c0000 - 0x000001229c7c3000 	C:\Users\79393\.openjfx\cache\18-ea+6\api-ms-win-core-interlocked-l1-1-0.dll
0x000001229c7d0000 - 0x000001229c7d3000 	C:\Users\79393\.openjfx\cache\18-ea+6\api-ms-win-core-libraryloader-l1-1-0.dll
0x000001229c7e0000 - 0x000001229c7e3000 	C:\Users\79393\.openjfx\cache\18-ea+6\api-ms-win-core-localization-l1-2-0.dll
0x000001229c7f0000 - 0x000001229c7f3000 	C:\Users\79393\.openjfx\cache\18-ea+6\api-ms-win-core-memory-l1-1-0.dll
0x00000122a1400000 - 0x00000122a1403000 	C:\Users\79393\.openjfx\cache\18-ea+6\api-ms-win-core-namedpipe-l1-1-0.dll
0x00000122a1410000 - 0x00000122a1413000 	C:\Users\79393\.openjfx\cache\18-ea+6\api-ms-win-core-processenvironment-l1-1-0.dll
0x00000122a1420000 - 0x00000122a1423000 	C:\Users\79393\.openjfx\cache\18-ea+6\api-ms-win-core-processthreads-l1-1-0.dll
0x00000122a1430000 - 0x00000122a1433000 	C:\Users\79393\.openjfx\cache\18-ea+6\api-ms-win-core-processthreads-l1-1-1.dll
0x00000122a1440000 - 0x00000122a1443000 	C:\Users\79393\.openjfx\cache\18-ea+6\api-ms-win-core-profile-l1-1-0.dll
0x00000122a1450000 - 0x00000122a1453000 	C:\Users\79393\.openjfx\cache\18-ea+6\api-ms-win-core-rtlsupport-l1-1-0.dll
0x00000122a1460000 - 0x00000122a1463000 	C:\Users\79393\.openjfx\cache\18-ea+6\api-ms-win-core-string-l1-1-0.dll
0x00000122a1470000 - 0x00000122a1473000 	C:\Users\79393\.openjfx\cache\18-ea+6\api-ms-win-core-synch-l1-1-0.dll
0x00000122a1480000 - 0x00000122a1483000 	C:\Users\79393\.openjfx\cache\18-ea+6\api-ms-win-core-synch-l1-2-0.dll
0x00000122a1490000 - 0x00000122a1493000 	C:\Users\79393\.openjfx\cache\18-ea+6\api-ms-win-core-sysinfo-l1-1-0.dll
0x00000122a14a0000 - 0x00000122a14a3000 	C:\Users\79393\.openjfx\cache\18-ea+6\api-ms-win-core-timezone-l1-1-0.dll
0x00000122a14b0000 - 0x00000122a14b3000 	C:\Users\79393\.openjfx\cache\18-ea+6\api-ms-win-core-util-l1-1-0.dll
0x00000122a14c0000 - 0x00000122a14c3000 	C:\Users\79393\.openjfx\cache\18-ea+6\api-ms-win-crt-conio-l1-1-0.dll
0x00000122a14d0000 - 0x00000122a14d4000 	C:\Users\79393\.openjfx\cache\18-ea+6\api-ms-win-crt-convert-l1-1-0.dll
0x00000122a14e0000 - 0x00000122a14e3000 	C:\Users\79393\.openjfx\cache\18-ea+6\api-ms-win-crt-environment-l1-1-0.dll
0x00000122a14f0000 - 0x00000122a14f3000 	C:\Users\79393\.openjfx\cache\18-ea+6\api-ms-win-crt-filesystem-l1-1-0.dll
0x00000122a1500000 - 0x00000122a1503000 	C:\Users\79393\.openjfx\cache\18-ea+6\api-ms-win-crt-heap-l1-1-0.dll
0x00000122a1510000 - 0x00000122a1513000 	C:\Users\79393\.openjfx\cache\18-ea+6\api-ms-win-crt-locale-l1-1-0.dll
0x00000122a1520000 - 0x00000122a1525000 	C:\Users\79393\.openjfx\cache\18-ea+6\api-ms-win-crt-math-l1-1-0.dll
0x00000122a1530000 - 0x00000122a1535000 	C:\Users\79393\.openjfx\cache\18-ea+6\api-ms-win-crt-multibyte-l1-1-0.dll
0x00000122a1540000 - 0x00000122a1550000 	C:\Users\79393\.openjfx\cache\18-ea+6\api-ms-win-crt-private-l1-1-0.dll
0x00000122a1550000 - 0x00000122a1553000 	C:\Users\79393\.openjfx\cache\18-ea+6\api-ms-win-crt-process-l1-1-0.dll
0x00000122a1560000 - 0x00000122a1564000 	C:\Users\79393\.openjfx\cache\18-ea+6\api-ms-win-crt-runtime-l1-1-0.dll
0x00000122a1570000 - 0x00000122a1574000 	C:\Users\79393\.openjfx\cache\18-ea+6\api-ms-win-crt-stdio-l1-1-0.dll
0x00000122a1580000 - 0x00000122a1584000 	C:\Users\79393\.openjfx\cache\18-ea+6\api-ms-win-crt-string-l1-1-0.dll
0x00000122a1590000 - 0x00000122a1593000 	C:\Users\79393\.openjfx\cache\18-ea+6\api-ms-win-crt-time-l1-1-0.dll
0x00000122a15a0000 - 0x00000122a15a3000 	C:\Users\79393\.openjfx\cache\18-ea+6\api-ms-win-crt-utility-l1-1-0.dll
0x00007ffb64c30000 - 0x00007ffb64d2c000 	C:\Users\79393\.openjfx\cache\18-ea+6\ucrtbase.dll
0x00007ffb679e0000 - 0x00007ffb679fa000 	C:\Users\79393\.openjfx\cache\18-ea+6\vcruntime140.dll
0x00007ffbb1e50000 - 0x00007ffbb1e5c000 	C:\Users\79393\.openjfx\cache\18-ea+6\vcruntime140_1.dll
0x00007ffb64ba0000 - 0x00007ffb64c2d000 	C:\Users\79393\.openjfx\cache\18-ea+6\msvcp140.dll
0x00007ffb64b70000 - 0x00007ffb64b9a000 	C:\Users\79393\.openjfx\cache\18-ea+6\prism_d3d.dll
0x00007ffb80020000 - 0x00007ffb801ef000 	C:\Windows\system32\d3d9.dll
0x00007ffbb3f30000 - 0x00007ffbb3f5f000 	C:\Windows\SYSTEM32\dwmapi.dll
0x00007ffbb3d40000 - 0x00007ffbb3dde000 	C:\Windows\system32\uxtheme.dll
0x00007ffbb8410000 - 0x00007ffbb853a000 	C:\Windows\System32\ole32.dll
0x00007ffb64b20000 - 0x00007ffb64b62000 	C:\Users\79393\.openjfx\cache\18-ea+6\glass.dll
0x00007ffbb8540000 - 0x00007ffbb861b000 	C:\Windows\System32\COMDLG32.dll
0x00007ffbb74b0000 - 0x00007ffbb757d000 	C:\Windows\System32\OLEAUT32.dll
0x00007ffb81e30000 - 0x00007ffb81f61000 	C:\ProgramData\A-Volute\A-Volute.Nahimic\Modules\Scheduled\x64\AudioDevProps2.dll
0x00007ffbb8ba0000 - 0x00007ffbb8cb6000 	C:\Windows\System32\MSCTF.dll
0x00007ffbab980000 - 0x00007ffbab9bb000 	C:\Windows\SYSTEM32\dxcore.dll
0x00007ffbb6b70000 - 0x00007ffbb6bbe000 	C:\Windows\System32\cfgmgr32.dll
0x00007ffb64b00000 - 0x00007ffb64b14000 	C:\Users\79393\.openjfx\cache\18-ea+6\javafx_font.dll
0x00007ffb97f70000 - 0x00007ffb981ef000 	C:\Windows\SYSTEM32\dwrite.dll
0x00007ffbb8270000 - 0x00007ffbb8319000 	C:\Windows\System32\clbcatq.dll
0x00007ffbaf1d0000 - 0x00007ffbaf384000 	C:\Windows\SYSTEM32\WindowsCodecs.dll
0x00007ffbb6e90000 - 0x00007ffbb6eb7000 	C:\Windows\System32\bcrypt.dll
0x00007ffba4790000 - 0x00007ffba47ce000 	C:\Windows\system32\dataexchange.dll
0x00007ffbb2f70000 - 0x00007ffbb3155000 	C:\Windows\system32\dcomp.dll
0x00007ffbb2040000 - 0x00007ffbb22a4000 	C:\Windows\system32\d3d11.dll
0x00007ffbb55a0000 - 0x00007ffbb5693000 	C:\Windows\system32\dxgi.dll
0x00007ffbaf510000 - 0x00007ffbaf711000 	C:\Windows\system32\twinapi.appcore.dll
0x00007ffb64930000 - 0x00007ffb64964000 	C:\Program Files\Common Files\Microsoft Shared\Ink\rtscom.dll
0x00007ffba7980000 - 0x00007ffba7a79000 	C:\Windows\SYSTEM32\textinputframework.dll
0x00007ffbb34e0000 - 0x00007ffbb383e000 	C:\Windows\System32\CoreUIComponents.dll
0x00007ffbb3840000 - 0x00007ffbb3932000 	C:\Windows\System32\CoreMessaging.dll
0x00007ffbb5930000 - 0x00007ffbb5963000 	C:\Windows\SYSTEM32\ntmarta.dll
0x00007ffbb2e10000 - 0x00007ffbb2f64000 	C:\Windows\SYSTEM32\wintypes.dll
0x00007ffbb2850000 - 0x00007ffbb2e10000 	C:\Windows\SYSTEM32\d2d1.dll
0x00007ffbabbd0000 - 0x00007ffbac2c6000 	C:\Windows\SYSTEM32\D3D10Warp.dll
0x00007ffb64970000 - 0x00007ffb64afe000 	C:\Users\79393\.jdks\openjdk-18.0.1\bin\awt.dll
0x00007ffbb3b60000 - 0x00007ffbb3bf0000 	C:\Windows\SYSTEM32\apphelp.dll
0x00007ffbb2020000 - 0x00007ffbb2034000 	C:\Windows\system32\Wtsapi32.dll
0x00007ffbb5f50000 - 0x00007ffbb5faa000 	C:\Windows\SYSTEM32\WINSTA.dll
0x00007ffbb1ec0000 - 0x00007ffbb1fb6000 	C:\Windows\SYSTEM32\PROPSYS.dll
0x00007ffba7ad0000 - 0x00007ffba7cbc000 	C:\Windows\SYSTEM32\urlmon.dll

dbghelp: loaded successfully - version: 4.0.5 - missing functions: none
symbol engine: initialized successfully - sym options: 0x614 - pdb path: .;C:\Users\79393\.jdks\openjdk-18.0.1\bin;C:\Windows\SYSTEM32;C:\Windows\WinSxS\amd64_microsoft.windows.common-controls_6595b64144ccf1df_6.0.19041.1110_none_60b5254171f9507e;C:\Users\79393\.jdks\openjdk-18.0.1\bin\server;C:\Program Files\JetBrains\IntelliJ IDEA Community Edition 2022.1\bin;C:\Users\79393\.openjfx\cache\18-ea+6;C:\Windows\System32\DriverStore\FileRepository\u0366098.inf_amd64_fe23462f15a2817a\B360494;C:\ProgramData\A-Volute\A-Volute.Nahimic\Modules\Scheduled\x64;C:\Program Files\Common Files\Microsoft Shared\Ink

VM Arguments:
jvm_args: -javaagent:C:\Program Files\JetBrains\IntelliJ IDEA Community Edition 2022.1\lib\idea_rt.jar=64757:C:\Program Files\JetBrains\IntelliJ IDEA Community Edition 2022.1\bin -Dfile.encoding=UTF-8 --module-path=C:\Users\79393\.m2\repository\org\openjfx\javafx-fxml\18-ea+6\javafx-fxml-18-ea+6-win.jar;D:\javaprojects\conec\target\classes;C:\Users\79393\.m2\repository\org\openjfx\javafx-base\18-ea+6\javafx-base-18-ea+6-win.jar;C:\Users\79393\.m2\repository\org\openjfx\javafx-controls\18-ea+6\javafx-controls-18-ea+6-win.jar;C:\Users\79393\.m2\repository\org\openjfx\javafx-graphics\18-ea+6\javafx-graphics-18-ea+6-win.jar -Djdk.module.main=com.example.conec 
java_command: com.example.conec/com.example.conec.SignIn
java_class_path (initial): C:\Users\79393\.m2\repository\org\openjfx\javafx-controls\18-ea+6\javafx-controls-18-ea+6.jar;C:\Users\79393\.m2\repository\org\openjfx\javafx-graphics\18-ea+6\javafx-graphics-18-ea+6.jar;C:\Users\79393\.m2\repository\org\openjfx\javafx-fxml\18-ea+6\javafx-fxml-18-ea+6.jar;C:\Users\79393\.m2\repository\org\openjfx\javafx-base\18-ea+6\javafx-base-18-ea+6.jar
Launcher Type: SUN_STANDARD

[Global flags]
     intx CICompilerCount                          = 4                                         {product} {ergonomic}
     uint ConcGCThreads                            = 3                                         {product} {ergonomic}
     uint G1ConcRefinementThreads                  = 10                                        {product} {ergonomic}
   size_t G1HeapRegionSize                         = 2097152                                   {product} {ergonomic}
    uintx GCDrainStackTargetSize                   = 64                                        {product} {ergonomic}
   size_t InitialHeapSize                          = 257949696                                 {product} {ergonomic}
   size_t MarkStackSize                            = 4194304                                   {product} {ergonomic}
   size_t MaxHeapSize                              = 4127195136                                {product} {ergonomic}
   size_t MaxNewSize                               = 2474639360                                {product} {ergonomic}
   size_t MinHeapDeltaBytes                        = 2097152                                   {product} {ergonomic}
   size_t MinHeapSize                              = 8388608                                   {product} {ergonomic}
    uintx NonNMethodCodeHeapSize                   = 5839372                                {pd product} {ergonomic}
    uintx NonProfiledCodeHeapSize                  = 122909434                              {pd product} {ergonomic}
    uintx ProfiledCodeHeapSize                     = 122909434                              {pd product} {ergonomic}
    uintx ReservedCodeCacheSize                    = 251658240                              {pd product} {ergonomic}
     bool SegmentedCodeCache                       = true                                      {product} {ergonomic}
   size_t SoftMaxHeapSize                          = 4127195136                             {manageable} {ergonomic}
     bool UseCompressedClassPointers               = true                           {product lp64_product} {ergonomic}
     bool UseCompressedOops                        = true                           {product lp64_product} {ergonomic}
     bool UseG1GC                                  = true                                      {product} {ergonomic}
     bool UseLargePagesIndividualAllocation        = false                                  {pd product} {ergonomic}

Logging:
Log output configuration:
 #0: stdout all=off uptime,level,tags foldmultilines=false
 #1: stderr all=off uptime,level,tags foldmultilines=false

Environment Variables:
PATH=C:\ProgramData\Oracle\Java\javapath;C:\Windows\system32;C:\Windows;C:\Windows\System32\Wbem;C:\Windows\System32\WindowsPowerShell\v1.0\;C:\Windows\System32\OpenSSH\;C:\Program Files\dotnet\;C:\Program Files\PuTTY\;C:\Users\79393\AppData\Local\Programs\Python\Python310\Scripts\;C:\Users\79393\AppData\Local\Programs\Python\Python310\;C:\Users\79393\AppData\Local\Microsoft\WindowsApps;;C:\Program Files\JetBrains\IntelliJ IDEA Community Edition 2022.1\bin;;D:\PyCharm Community Edition 2022.1\bin;
USERNAME=79393
OS=Windows_NT
PROCESSOR_IDENTIFIER=AMD64 Family 23 Model 96 Stepping 1, AuthenticAMD



---------------  S Y S T E M  ---------------

OS:
 Windows 10 , 64 bit Build 19041 (10.0.19041.1566)
OS uptime: 1 days 3:42 hours

CPU: total 12 (initial active 12) (12 cores per cpu, 2 threads per core) family 23 model 96 stepping 1 microcode 0x0, cx8, cmov, fxsr, ht, mmx, 3dnowpref, sse, sse2, sse3, ssse3, sse4a, sse4.1, sse4.2, popcnt, lzcnt, tsc, tscinvbit, avx, avx2, aes, clmul, bmi1, bmi2, adx, sha, fma, vzeroupper, clflush, clflushopt

Memory: 4k page, system-wide physical 15741M (8483M free)
TotalPageFile size 18173M (AvailPageFile size 8716M)
current process WorkingSet (physical memory assigned to process): 156M, peak: 180M
current process commit charge ("private bytes"): 407M, peak: 436M

vm_info: OpenJDK 64-Bit Server VM (18.0.1+10-24) for windows-amd64 JRE (18.0.1+10-24), built on Mar  9 2022 22:38:37 by "mach5one" with MS VC++ 16.8 / 16.9 (VS2019)

END.
